{"level":"info","message":"Server running on port 5000","timestamp":"2025-01-13T10:08:07.748Z"}
{"level":"info","message":"Server running on port 5000","timestamp":"2025-01-13T10:11:54.579Z"}
{"level":"info","message":"Server running on port 5000","timestamp":"2025-01-13T10:39:26.743Z"}
{"level":"info","message":"Server running on port 5000","timestamp":"2025-01-13T10:43:31.372Z"}
{"level":"error","message":"Error: ENAMETOOLONG: name too long, open '/usr/src/app/uploads/1736775692296-y2dpquw7at9-ชื่อโครงการ เว็บสอบถามเกี่ยวกับสมรรถภาพท.pdf'","timestamp":"2025-01-13T13:41:32.338Z"}
{"level":"error","message":"Error: ENAMETOOLONG: name too long, open '/usr/src/app/uploads/1736775709440-50i2ljpzd2m-ชื่อโครงการ เว็บสอบถามเกี่ยวกับสมรรถภาพท.pdf'","timestamp":"2025-01-13T13:41:49.446Z"}
{"level":"info","message":"Server running on port 5000","timestamp":"2025-01-29T02:16:07.605Z"}
{"level":"info","message":"Server running on port 5000","timestamp":"2025-01-29T06:30:09.111Z"}
{"level":"info","message":"Server running on port 5000","timestamp":"2025-01-29T07:27:34.236Z"}
{"level":"error","message":"Error: ENAMETOOLONG: name too long, open '/usr/src/app/uploads/1738136338259-3qpi1712p7d-ชื่อโครงการ เว็บสอบถามเกี่ยวกับสมรรถภาพท.pdf'","timestamp":"2025-01-29T07:38:58.266Z"}
{"level":"info","message":"Server running on port 5000","timestamp":"2025-01-29T08:22:22.263Z"}
{"level":"info","message":"Server running on port 5000","timestamp":"2025-01-29T08:51:38.614Z"}
{"level":"info","message":"Server running on port 5000","timestamp":"2025-01-30T02:54:33.780Z"}
{"level":"info","message":"Server running on port 5000","timestamp":"2025-01-30T03:02:52.650Z"}
{"level":"info","message":"Server running on port 5000","timestamp":"2025-01-30T07:14:40.086Z"}
{"level":"info","message":"Server running on port 5000","timestamp":"2025-01-30T09:19:43.213Z"}
{"level":"info","message":"Server running on port 5000","timestamp":"2025-01-30T09:23:41.472Z"}
{"level":"info","message":"Server running on port 5000","timestamp":"2025-01-30T09:27:48.757Z"}
{"level":"info","message":"Server running on port 5000","timestamp":"2025-01-30T09:30:21.782Z"}
{"level":"info","message":"Server running on port 5000","timestamp":"2025-01-30T09:36:45.710Z"}
{"level":"info","message":"Server running on port 5000","timestamp":"2025-01-30T09:40:59.108Z"}
{"level":"info","message":"Server running on port 5000","timestamp":"2025-01-30T11:22:06.206Z"}
{"level":"info","message":"Server running on port 5000","timestamp":"2025-01-30T11:23:59.108Z"}
{"level":"info","message":"Server running on port 5000","timestamp":"2025-01-30T14:33:02.448Z"}
{"level":"info","message":"Server running on port 5000","timestamp":"2025-01-30T14:35:14.412Z"}
{"level":"info","message":"Server running on port 5000","timestamp":"2025-01-30T14:52:36.843Z"}
{"level":"info","message":"Server running on port 5000","timestamp":"2025-01-30T14:58:59.620Z"}
{"level":"info","message":"Server running on port 5000","timestamp":"2025-01-30T15:08:22.123Z"}
{"level":"info","message":"Server running on port 5000","timestamp":"2025-01-30T15:14:32.978Z"}
{"level":"info","message":"Server running on port 5000","timestamp":"2025-01-30T15:20:05.908Z"}
{"level":"info","message":"Server running on port 5000","timestamp":"2025-01-30T15:22:03.576Z"}
{"level":"info","message":"Server running on port 5000","timestamp":"2025-01-31T00:45:39.488Z"}
{"level":"info","message":"Server running on port 5000","timestamp":"2025-01-31T01:01:07.358Z"}
{"level":"info","message":"Server running on port 5000","timestamp":"2025-01-31T05:00:06.645Z"}
{"level":"info","message":"Server running on port 5000","timestamp":"2025-01-31T05:12:46.896Z"}
{"level":"info","message":"Server running on port 5000","timestamp":"2025-01-31T05:15:10.954Z"}
{"level":"info","message":"Server running on port 5000","timestamp":"2025-01-31T06:31:25.913Z"}
{"level":"info","message":"Server running on port 5000","timestamp":"2025-01-31T06:32:55.868Z"}
{"level":"info","message":"Server running on port 5000","timestamp":"2025-01-31T06:36:09.206Z"}
{"level":"info","message":"Server running on port 5000","timestamp":"2025-01-31T06:38:00.298Z"}
{"level":"info","message":"Server running on port 5000","timestamp":"2025-01-31T06:39:12.999Z"}
{"level":"info","message":"Server running on port 5000","timestamp":"2025-01-31T06:46:19.051Z"}
{"level":"info","message":"Server running on port 5000","timestamp":"2025-01-31T06:47:45.469Z"}
{"level":"info","message":"Server running on port 5000","timestamp":"2025-01-31T06:50:55.535Z"}
{"level":"info","message":"Server running on port 5000","timestamp":"2025-01-31T06:54:12.387Z"}
{"level":"info","message":"Server running on port 5000","timestamp":"2025-01-31T07:06:55.353Z"}
{"level":"info","message":"Server running on port 5000","timestamp":"2025-01-31T07:08:29.008Z"}
{"level":"info","message":"Server running on port 5000","timestamp":"2025-01-31T07:10:11.192Z"}
{"level":"info","message":"Server running on port 5000","timestamp":"2025-01-31T07:14:44.039Z"}
{"level":"info","message":"Server running on port 5000","timestamp":"2025-01-31T07:16:23.467Z"}
{"level":"info","message":"Server running on port 5000","timestamp":"2025-01-31T07:19:37.400Z"}
{"level":"info","message":"Server running on port 5000","timestamp":"2025-01-31T07:28:27.382Z"}
{"level":"info","message":"Server running on port 5000","timestamp":"2025-01-31T07:32:01.702Z"}
{"level":"info","message":"Server running on port 5000","timestamp":"2025-01-31T10:28:48.262Z"}
{"level":"info","message":"Server running on port 5000","timestamp":"2025-01-31T10:54:49.865Z"}
{"level":"info","message":"Server running on port 5000","timestamp":"2025-01-31T15:17:52.323Z"}
{"level":"info","message":"Server running on port 5000","timestamp":"2025-01-31T16:07:53.080Z"}
{"level":"info","message":"Server running on port 5000","timestamp":"2025-01-31T16:32:22.805Z"}
{"level":"info","message":"Server running on port 5000","timestamp":"2025-01-31T16:37:24.040Z"}
{"level":"info","message":"Server running on port 5000","timestamp":"2025-02-01T01:20:37.859Z"}
{"level":"info","message":"Server running on port 5000","timestamp":"2025-02-01T01:54:57.083Z"}
{"level":"info","message":"Server running on port 5000","timestamp":"2025-02-01T12:02:56.759Z"}
{"level":"info","message":"Server running on port 5000","timestamp":"2025-02-01T13:55:55.407Z"}
{"level":"info","message":"Server running on port 5000","timestamp":"2025-02-01T16:59:31.549Z"}
{"level":"info","message":"Server running on port 5000","timestamp":"2025-02-01T17:28:04.315Z"}
{"level":"info","message":"Server running on port 5000","timestamp":"2025-02-01T17:33:55.404Z"}
{"level":"info","message":"Server running on port 5000","timestamp":"2025-02-02T01:58:51.511Z"}
{"level":"info","message":"Server running on port 5000","timestamp":"2025-02-02T04:45:00.855Z"}
{"level":"info","message":"Server running on port 5000","timestamp":"2025-02-02T04:50:01.336Z"}
{"level":"info","message":"Server running on port 5000","timestamp":"2025-02-02T04:52:37.781Z"}
{"level":"info","message":"Server running on port 5000","timestamp":"2025-02-02T08:27:56.371Z"}
{"level":"info","message":"Server running on port 5000","timestamp":"2025-02-02T10:10:48.712Z"}
{"level":"info","message":"Server running on port 5000","timestamp":"2025-02-02T10:16:53.624Z"}
{"level":"info","message":"Server running on port 5000","timestamp":"2025-02-03T02:55:12.079Z"}
{"level":"info","message":"Server running on port 5000","timestamp":"2025-02-06T05:20:15.186Z"}
{"level":"info","message":"Server running on port 5000","timestamp":"2025-02-08T10:24:22.630Z"}
{"level":"info","message":"Server running on port 5000","timestamp":"2025-02-09T02:31:44.251Z"}
{"level":"info","message":"Server running on port 5000","timestamp":"2025-02-11T00:40:39.871Z"}
{"level":"info","message":"Server running on port 5000","timestamp":"2025-02-13T14:37:00.555Z"}
{"level":"info","message":"Server running on port 5000","timestamp":"2025-02-14T07:48:47.994Z"}
{"level":"info","message":"Server running on port 5000","timestamp":"2025-02-14T23:15:15.891Z"}
{"level":"info","message":"Server running on port 5000","timestamp":"2025-02-14T23:31:04.432Z"}
{"level":"error","message":"Error: Callback function is not available with promise clients.\n    at PromisePool.query (/usr/src/app/node_modules/mysql2/lib/promise/pool.js:38:13)\n    at exports.getCategories (/usr/src/app/controllers/sportController.js:6:8)\n    at Layer.handle [as handle_request] (/usr/src/app/node_modules/express/lib/router/layer.js:95:5)\n    at next (/usr/src/app/node_modules/express/lib/router/route.js:149:13)\n    at Route.dispatch (/usr/src/app/node_modules/express/lib/router/route.js:119:3)\n    at Layer.handle [as handle_request] (/usr/src/app/node_modules/express/lib/router/layer.js:95:5)\n    at /usr/src/app/node_modules/express/lib/router/index.js:284:15\n    at param (/usr/src/app/node_modules/express/lib/router/index.js:365:14)\n    at param (/usr/src/app/node_modules/express/lib/router/index.js:376:14)\n    at Function.process_params (/usr/src/app/node_modules/express/lib/router/index.js:421:3)","timestamp":"2025-02-14T23:34:32.340Z"}
{"level":"error","message":"Error: Callback function is not available with promise clients.\n    at PromisePool.query (/usr/src/app/node_modules/mysql2/lib/promise/pool.js:38:13)\n    at exports.getCategories (/usr/src/app/controllers/sportController.js:6:8)\n    at Layer.handle [as handle_request] (/usr/src/app/node_modules/express/lib/router/layer.js:95:5)\n    at next (/usr/src/app/node_modules/express/lib/router/route.js:149:13)\n    at Route.dispatch (/usr/src/app/node_modules/express/lib/router/route.js:119:3)\n    at Layer.handle [as handle_request] (/usr/src/app/node_modules/express/lib/router/layer.js:95:5)\n    at /usr/src/app/node_modules/express/lib/router/index.js:284:15\n    at param (/usr/src/app/node_modules/express/lib/router/index.js:365:14)\n    at param (/usr/src/app/node_modules/express/lib/router/index.js:376:14)\n    at Function.process_params (/usr/src/app/node_modules/express/lib/router/index.js:421:3)","timestamp":"2025-02-14T23:34:42.896Z"}
{"level":"error","message":"Error: Callback function is not available with promise clients.\n    at PromisePool.query (/usr/src/app/node_modules/mysql2/lib/promise/pool.js:38:13)\n    at exports.getCategories (/usr/src/app/controllers/sportController.js:6:8)\n    at Layer.handle [as handle_request] (/usr/src/app/node_modules/express/lib/router/layer.js:95:5)\n    at next (/usr/src/app/node_modules/express/lib/router/route.js:149:13)\n    at Route.dispatch (/usr/src/app/node_modules/express/lib/router/route.js:119:3)\n    at Layer.handle [as handle_request] (/usr/src/app/node_modules/express/lib/router/layer.js:95:5)\n    at /usr/src/app/node_modules/express/lib/router/index.js:284:15\n    at param (/usr/src/app/node_modules/express/lib/router/index.js:365:14)\n    at param (/usr/src/app/node_modules/express/lib/router/index.js:376:14)\n    at Function.process_params (/usr/src/app/node_modules/express/lib/router/index.js:421:3)","timestamp":"2025-02-14T23:35:09.281Z"}
{"level":"info","message":"Server running on port 5000","timestamp":"2025-02-14T23:38:25.292Z"}
{"level":"info","message":"Server running on port 5000","timestamp":"2025-02-15T03:25:32.469Z"}
{"level":"info","message":"Server running on port 5000","timestamp":"2025-02-15T03:33:01.890Z"}
{"level":"info","message":"Server running on port 5000","timestamp":"2025-02-15T07:02:18.022Z"}
{"level":"info","message":"Server running on port 5000","timestamp":"2025-02-17T01:57:10.953Z"}
{"level":"info","message":"Server running on port 5000","timestamp":"2025-02-17T02:05:16.972Z"}
{"level":"info","message":"Server running on port 5000","timestamp":"2025-02-17T02:08:16.753Z"}
{"level":"info","message":"Server running on port 5000","timestamp":"2025-02-17T02:11:29.221Z"}
{"level":"info","message":"Server running on port 5000","timestamp":"2025-02-17T14:25:26.480Z"}
{"level":"info","message":"Server running on port 5000","timestamp":"2025-02-18T00:12:42.995Z"}
{"level":"info","message":"Server running on port 5000","timestamp":"2025-02-18T00:28:18.927Z"}
{"level":"info","message":"Server running on port 5000","timestamp":"2025-02-18T00:29:39.165Z"}
{"level":"info","message":"Server running on port 5000","timestamp":"2025-02-18T00:31:41.146Z"}
{"level":"info","message":"Server running on port 5000","timestamp":"2025-02-18T00:34:07.458Z"}
{"level":"info","message":"Server running on port 5000","timestamp":"2025-02-18T00:35:43.871Z"}
{"level":"info","message":"Server running on port 5000","timestamp":"2025-02-27T05:21:34.919Z"}
{"level":"info","message":"Server running on port 5000","timestamp":"2025-03-01T05:14:59.586Z"}
{"level":"info","message":"Server running on port 5000","timestamp":"2025-03-08T11:34:58.862Z"}
{"level":"info","message":"Server running on port 5000","timestamp":"2025-03-08T12:04:49.266Z"}
{"level":"info","message":"Server running on port 5000","timestamp":"2025-03-08T12:13:14.247Z"}
{"level":"info","message":"Server running on port 5000","timestamp":"2025-03-09T06:37:55.361Z"}
{"level":"info","message":"Server running on port 5000","timestamp":"2025-03-09T06:41:57.203Z"}
{"level":"info","message":"Server running on port 5000","timestamp":"2025-03-09T06:44:00.844Z"}
{"level":"info","message":"Server running on port 5000","timestamp":"2025-03-09T06:49:38.100Z"}
{"level":"info","message":"Server running on port 5000","timestamp":"2025-03-09T06:53:20.891Z"}
{"level":"info","message":"Server running on port 5000","timestamp":"2025-03-09T06:58:38.798Z"}
{"level":"error","message":"ReferenceError: db is not defined\n    at exports.getCategoriesBySport (/usr/src/app/controllers/sportController.js:19:5)\n    at Layer.handle [as handle_request] (/usr/src/app/node_modules/express/lib/router/layer.js:95:5)\n    at next (/usr/src/app/node_modules/express/lib/router/route.js:149:13)\n    at Route.dispatch (/usr/src/app/node_modules/express/lib/router/route.js:119:3)\n    at Layer.handle [as handle_request] (/usr/src/app/node_modules/express/lib/router/layer.js:95:5)\n    at /usr/src/app/node_modules/express/lib/router/index.js:284:15\n    at param (/usr/src/app/node_modules/express/lib/router/index.js:365:14)\n    at param (/usr/src/app/node_modules/express/lib/router/index.js:376:14)\n    at Function.process_params (/usr/src/app/node_modules/express/lib/router/index.js:421:3)\n    at next (/usr/src/app/node_modules/express/lib/router/index.js:280:10)","timestamp":"2025-03-09T06:58:43.465Z"}
{"level":"info","message":"Server running on port 5000","timestamp":"2025-03-09T07:00:04.736Z"}
{"level":"info","message":"Server running on port 5000","timestamp":"2025-03-09T07:01:34.852Z"}
{"level":"info","message":"Server running on port 5000","timestamp":"2025-03-09T07:01:47.772Z"}
{"level":"info","message":"Server running on port 5000","timestamp":"2025-03-09T07:02:20.521Z"}
{"level":"info","message":"Server running on port 5000","timestamp":"2025-03-09T07:03:43.933Z"}
{"level":"info","message":"Server running on port 5000","timestamp":"2025-03-09T07:04:25.256Z"}
{"level":"info","message":"Server running on port 5000","timestamp":"2025-03-09T07:06:27.354Z"}
{"level":"info","message":"Server running on port 5000","timestamp":"2025-03-09T07:08:35.640Z"}
{"level":"info","message":"Server running on port 5000","timestamp":"2025-03-09T07:11:24.316Z"}
{"level":"info","message":"Server running on port 5000","timestamp":"2025-03-09T07:14:44.089Z"}
{"level":"info","message":"Server running on port 5000","timestamp":"2025-03-09T07:16:51.813Z"}
{"level":"info","message":"Server running on port 5000","timestamp":"2025-03-09T07:19:01.142Z"}
{"level":"info","message":"Server running on port 5000","timestamp":"2025-03-09T07:20:47.371Z"}
{"level":"info","message":"Server running on port 5000","timestamp":"2025-03-09T07:21:42.785Z"}
{"level":"info","message":"Server running on port 5000","timestamp":"2025-03-09T07:23:08.184Z"}
{"level":"info","message":"Server running on port 5000","timestamp":"2025-03-09T07:26:44.479Z"}
{"level":"info","message":"Server running on port 5000","timestamp":"2025-03-09T07:28:53.078Z"}
{"level":"info","message":"Server running on port 5000","timestamp":"2025-03-09T07:31:54.810Z"}
{"level":"info","message":"Server running on port 5000","timestamp":"2025-03-09T08:02:01.084Z"}
{"level":"info","message":"Server running on port 5000","timestamp":"2025-03-09T08:04:10.679Z"}
{"level":"info","message":"Server running on port 5000","timestamp":"2025-03-09T08:06:29.088Z"}
{"level":"info","message":"Server running on port 5000","timestamp":"2025-03-09T08:07:18.152Z"}
{"level":"info","message":"Server running on port 5000","timestamp":"2025-03-09T08:13:06.683Z"}
{"level":"error","message":"TypeError: Cannot read properties of undefined (reading 'profile_image')\n    at exports.register (/usr/src/app/controllers/sportController.js:63:19)\n    at Layer.handle [as handle_request] (/usr/src/app/node_modules/express/lib/router/layer.js:95:5)\n    at next (/usr/src/app/node_modules/express/lib/router/route.js:149:13)\n    at multerMiddleware (/usr/src/app/node_modules/multer/lib/make-middleware.js:13:41)\n    at Layer.handle [as handle_request] (/usr/src/app/node_modules/express/lib/router/layer.js:95:5)\n    at next (/usr/src/app/node_modules/express/lib/router/route.js:149:13)\n    at Route.dispatch (/usr/src/app/node_modules/express/lib/router/route.js:119:3)\n    at Layer.handle [as handle_request] (/usr/src/app/node_modules/express/lib/router/layer.js:95:5)\n    at /usr/src/app/node_modules/express/lib/router/index.js:284:15\n    at Function.process_params (/usr/src/app/node_modules/express/lib/router/index.js:346:12)","timestamp":"2025-03-09T08:16:44.347Z"}
{"level":"info","message":"Server running on port 5000","timestamp":"2025-03-09T08:27:04.135Z"}
{"level":"info","message":"Server running on port 5000","timestamp":"2025-03-09T08:31:59.654Z"}
{"level":"info","message":"Server running on port 5000","timestamp":"2025-03-09T08:38:06.403Z"}
{"level":"info","message":"Server running on port 5000","timestamp":"2025-03-09T08:41:43.251Z"}
{"level":"info","message":"Server running on port 5000","timestamp":"2025-03-09T08:48:18.394Z"}
{"level":"info","message":"Server running on port 5000","timestamp":"2025-03-09T08:49:30.231Z"}
{"level":"info","message":"Server running on port 5000","timestamp":"2025-03-09T08:52:21.883Z"}
{"level":"info","message":"Server running on port 5000","timestamp":"2025-03-09T15:08:33.355Z"}
{"level":"info","message":"Server running on port 5000","timestamp":"2025-03-09T15:17:08.421Z"}
{"level":"info","message":"Server running on port 5000","timestamp":"2025-03-09T15:23:31.507Z"}
{"level":"info","message":"Server running on port 5000","timestamp":"2025-03-09T15:27:34.953Z"}
{"level":"info","message":"Server running on port 5000","timestamp":"2025-03-09T15:35:18.778Z"}
{"level":"info","message":"Server running on port 5000","timestamp":"2025-03-09T15:43:38.279Z"}
{"level":"info","message":"Server running on port 5000","timestamp":"2025-03-09T15:45:16.889Z"}
{"level":"info","message":"Server running on port 5000","timestamp":"2025-03-10T03:00:27.714Z"}
{"level":"info","message":"Server running on port 5000","timestamp":"2025-03-10T04:20:54.375Z"}
{"level":"info","message":"Server running on port 5000","timestamp":"2025-03-10T08:12:17.452Z"}
{"level":"info","message":"Server running on port 5000","timestamp":"2025-03-11T01:45:25.444Z"}
{"level":"info","message":"Server running on port 5000","timestamp":"2025-03-11T02:25:51.147Z"}
{"level":"info","message":"Server running on port 5000","timestamp":"2025-03-11T02:37:51.693Z"}
{"level":"info","message":"Server running on port 5000","timestamp":"2025-03-11T03:49:29.647Z"}
{"level":"info","message":"Server running on port 5000","timestamp":"2025-03-11T13:15:58.858Z"}
{"level":"info","message":"Server running on port 5000","timestamp":"2025-03-11T23:43:23.207Z"}
{"level":"info","message":"Server running on port 5000","timestamp":"2025-03-11T23:50:10.360Z"}
{"level":"info","message":"Server running on port 5000","timestamp":"2025-03-11T23:54:33.125Z"}
{"level":"info","message":"Server running on port 5000","timestamp":"2025-03-12T00:22:26.482Z"}
{"level":"info","message":"Server running on port 5000","timestamp":"2025-03-12T05:34:31.590Z"}
{"level":"info","message":"Server running on port 5000","timestamp":"2025-03-12T05:47:54.014Z"}
{"level":"info","message":"Server running on port 5000","timestamp":"2025-03-12T05:50:04.517Z"}
{"level":"info","message":"Server running on port 5000","timestamp":"2025-03-12T05:56:09.933Z"}
{"level":"info","message":"Server running on port 5000","timestamp":"2025-03-12T05:57:48.146Z"}
{"level":"info","message":"Server running on port 5000","timestamp":"2025-03-12T05:59:39.009Z"}
{"level":"info","message":"Server running on port 5000","timestamp":"2025-03-12T06:03:42.511Z"}
{"level":"info","message":"Server running on port 5000","timestamp":"2025-03-12T06:05:55.746Z"}
{"level":"info","message":"Server running on port 5000","timestamp":"2025-03-12T06:12:27.585Z"}
{"level":"info","message":"Server running on port 5000","timestamp":"2025-03-12T06:29:37.840Z"}
{"level":"info","message":"Server running on port 5000","timestamp":"2025-03-12T06:34:51.551Z"}
{"level":"info","message":"Server running on port 5000","timestamp":"2025-03-12T06:37:29.731Z"}
{"level":"info","message":"Server running on port 5000","timestamp":"2025-03-12T06:41:59.679Z"}
{"level":"info","message":"Server running on port 5000","timestamp":"2025-03-12T06:49:35.289Z"}
{"level":"info","message":"Server running on port 5000","timestamp":"2025-03-12T06:52:48.728Z"}
{"level":"info","message":"Server running on port 5000","timestamp":"2025-03-12T06:54:53.578Z"}
{"level":"info","message":"Server running on port 5000","timestamp":"2025-03-12T07:06:06.216Z"}
{"level":"info","message":"Server running on port 5000","timestamp":"2025-03-12T07:08:07.622Z"}
{"level":"info","message":"Server running on port 5000","timestamp":"2025-03-12T07:13:09.709Z"}
{"level":"info","message":"Server running on port 5000","timestamp":"2025-03-12T07:44:27.688Z"}
{"level":"info","message":"Server running on port 5000","timestamp":"2025-03-12T14:50:44.737Z"}
{"level":"info","message":"Server running on port 5000","timestamp":"2025-03-12T14:57:43.946Z"}
{"level":"info","message":"Server running on port 5000","timestamp":"2025-03-12T15:21:41.443Z"}
{"level":"info","message":"Server running on port 5000","timestamp":"2025-03-12T15:35:26.282Z"}
{"level":"info","message":"Server running on port 5000","timestamp":"2025-03-12T15:41:47.314Z"}
{"level":"info","message":"Server running on port 5000","timestamp":"2025-03-12T15:43:08.438Z"}
{"level":"info","message":"Server running on port 5000","timestamp":"2025-03-12T15:44:18.913Z"}
{"level":"info","message":"Server running on port 5000","timestamp":"2025-03-12T15:46:22.060Z"}
{"level":"info","message":"Server running on port 5000","timestamp":"2025-03-12T15:47:34.714Z"}
{"level":"info","message":"Server running on port 5000","timestamp":"2025-03-12T15:48:41.360Z"}
{"level":"info","message":"Server running on port 5000","timestamp":"2025-03-12T15:53:32.345Z"}
{"level":"info","message":"Server running on port 5000","timestamp":"2025-03-12T15:55:06.364Z"}
{"level":"info","message":"Server running on port 5000","timestamp":"2025-03-13T06:36:02.951Z"}
{"level":"info","message":"Server running on port 5000","timestamp":"2025-03-13T06:50:45.016Z"}
{"level":"info","message":"Server running on port 5000","timestamp":"2025-03-13T13:32:23.252Z"}
{"level":"info","message":"Server running on port 5000","timestamp":"2025-03-13T13:36:23.760Z"}
{"level":"info","message":"Server running on port 5000","timestamp":"2025-03-13T13:38:51.133Z"}
{"level":"info","message":"Server running on port 5000","timestamp":"2025-03-13T15:36:00.024Z"}
{"level":"info","message":"Server running on port 5000","timestamp":"2025-03-13T15:47:37.238Z"}
{"level":"info","message":"Server running on port 5000","timestamp":"2025-03-13T15:50:18.674Z"}
{"level":"info","message":"Server running on port 5000","timestamp":"2025-03-13T15:55:19.796Z"}
{"level":"info","message":"Server running on port 5000","timestamp":"2025-03-13T15:58:36.644Z"}
{"level":"info","message":"Server running on port 5000","timestamp":"2025-03-13T16:00:03.799Z"}
{"level":"info","message":"Server running on port 5000","timestamp":"2025-03-13T16:07:32.958Z"}
{"level":"info","message":"Server running on port 5000","timestamp":"2025-03-13T16:13:48.242Z"}
{"level":"info","message":"Server running on port 5000","timestamp":"2025-03-13T16:27:26.879Z"}
{"level":"info","message":"Server running on port 5000","timestamp":"2025-03-13T16:28:31.267Z"}
{"level":"info","message":"Server running on port 5000","timestamp":"2025-03-14T01:52:04.442Z"}
{"level":"info","message":"Server running on port 5000","timestamp":"2025-03-14T01:54:21.285Z"}
{"level":"info","message":"Server running on port 5000","timestamp":"2025-03-14T01:56:21.782Z"}
{"level":"info","message":"Server running on port 5000","timestamp":"2025-03-14T02:28:39.510Z"}
{"level":"info","message":"Server running on port 5000","timestamp":"2025-03-14T03:02:56.441Z"}
{"level":"info","message":"Server running on port 5000","timestamp":"2025-03-14T03:05:55.282Z"}
{"level":"info","message":"Server running on port 5000","timestamp":"2025-03-14T03:16:49.233Z"}
{"level":"info","message":"Server running on port 5000","timestamp":"2025-03-14T03:42:12.977Z"}
{"level":"info","message":"Server running on port 5000","timestamp":"2025-03-14T05:23:10.446Z"}
{"level":"info","message":"Server running on port 5000","timestamp":"2025-03-14T05:28:22.557Z"}
{"level":"info","message":"Server running on port 5000","timestamp":"2025-03-14T05:29:41.019Z"}
{"level":"info","message":"Server running on port 5000","timestamp":"2025-03-14T05:31:33.603Z"}
{"level":"info","message":"Server running on port 5000","timestamp":"2025-03-14T05:34:15.797Z"}
{"level":"info","message":"Server running on port 5000","timestamp":"2025-03-14T05:36:13.635Z"}
{"level":"info","message":"Server running on port 5000","timestamp":"2025-03-14T05:41:43.405Z"}
{"level":"info","message":"Server running on port 5000","timestamp":"2025-03-14T06:10:36.304Z"}
{"level":"info","message":"Server running on port 5000","timestamp":"2025-03-14T06:52:49.631Z"}
{"level":"info","message":"Server running on port 5000","timestamp":"2025-03-14T06:55:37.738Z"}
{"level":"info","message":"Server running on port 5000","timestamp":"2025-03-14T07:01:44.541Z"}
{"level":"info","message":"Server running on port 5000","timestamp":"2025-03-14T10:56:31.161Z"}
{"level":"info","message":"Server running on port 5000","timestamp":"2025-03-14T11:02:10.833Z"}
{"level":"info","message":"Server running on port 5000","timestamp":"2025-03-14T11:04:04.004Z"}
{"level":"info","message":"Server running on port 5000","timestamp":"2025-03-14T11:07:10.139Z"}
{"level":"info","message":"Server running on port 5000","timestamp":"2025-03-14T12:02:05.863Z"}
{"level":"info","message":"Server running on port 5000","timestamp":"2025-03-14T12:07:04.805Z"}
{"level":"info","message":"Server running on port 5000","timestamp":"2025-03-14T12:10:12.558Z"}
{"level":"info","message":"Server running on port 5000","timestamp":"2025-03-14T12:11:07.366Z"}
{"level":"info","message":"Server running on port 5000","timestamp":"2025-03-14T12:14:23.093Z"}
{"level":"info","message":"Server running on port 5000","timestamp":"2025-03-14T12:55:47.331Z"}
{"level":"info","message":"Server running on port 5000","timestamp":"2025-03-14T13:14:24.123Z"}
{"level":"info","message":"Server running on port 5000","timestamp":"2025-03-14T14:49:50.040Z"}
{"level":"info","message":"Server running on port 5000","timestamp":"2025-03-14T15:50:25.826Z"}
{"level":"info","message":"Server running on port 5000","timestamp":"2025-03-14T15:58:23.592Z"}
{"level":"info","message":"Server running on port 5000","timestamp":"2025-03-14T16:02:30.453Z"}
{"level":"info","message":"Server running on port 5000","timestamp":"2025-03-14T16:18:24.340Z"}
{"level":"info","message":"Server running on port 5000","timestamp":"2025-03-14T16:23:14.554Z"}
{"level":"info","message":"Server running on port 5000","timestamp":"2025-03-14T16:34:36.462Z"}
{"level":"info","message":"Server running on port 5000","timestamp":"2025-03-14T16:54:53.426Z"}
{"level":"info","message":"Server running on port 5000","timestamp":"2025-03-15T01:51:55.686Z"}
{"level":"info","message":"Server running on port 5000","timestamp":"2025-03-15T02:03:39.104Z"}
{"level":"info","message":"Server running on port 5000","timestamp":"2025-03-15T02:21:42.739Z"}
{"level":"info","message":"Server running on port 5000","timestamp":"2025-03-15T02:25:58.102Z"}
{"level":"info","message":"Server running on port 5000","timestamp":"2025-03-15T02:38:08.884Z"}
{"level":"info","message":"Server running on port 5000","timestamp":"2025-03-15T03:27:59.186Z"}
{"level":"info","message":"Server running on port 5000","timestamp":"2025-03-15T03:45:29.066Z"}
{"level":"info","message":"Server running on port 5000","timestamp":"2025-03-15T04:05:53.196Z"}
{"level":"info","message":"Server running on port 5000","timestamp":"2025-03-15T04:41:44.118Z"}
{"level":"info","message":"Server running on port 5000","timestamp":"2025-03-15T04:43:59.518Z"}
{"level":"info","message":"Server running on port 5000","timestamp":"2025-03-15T05:38:07.884Z"}
{"level":"info","message":"Server running on port 5000","timestamp":"2025-03-15T06:04:08.512Z"}
{"level":"info","message":"Server running on port 5000","timestamp":"2025-03-15T06:05:36.889Z"}
{"level":"info","message":"Server running on port 5000","timestamp":"2025-03-15T06:13:27.072Z"}
{"level":"info","message":"Server running on port 5000","timestamp":"2025-03-15T06:28:55.406Z"}
{"level":"info","message":"Server running on port 5000","timestamp":"2025-03-15T07:23:48.032Z"}
{"level":"info","message":"Server running on port 5000","timestamp":"2025-03-15T07:40:12.665Z"}
{"level":"info","message":"Server running on port 5000","timestamp":"2025-03-15T13:22:06.237Z"}
{"level":"info","message":"Server running on port 5000","timestamp":"2025-03-15T13:34:30.185Z"}
{"level":"info","message":"Server running on port 5000","timestamp":"2025-03-15T13:45:05.175Z"}
{"level":"info","message":"Server running on port 5000","timestamp":"2025-03-15T23:12:49.654Z"}
{"level":"info","message":"Server running on port 5000","timestamp":"2025-03-15T23:22:40.057Z"}
{"level":"info","message":"Server running on port 5000","timestamp":"2025-03-15T23:25:35.069Z"}
{"level":"info","message":"Server running on port 5000","timestamp":"2025-03-15T23:40:51.758Z"}
{"level":"info","message":"Server running on port 5000","timestamp":"2025-03-16T00:04:16.793Z"}
{"level":"info","message":"Server running on port 5000","timestamp":"2025-03-16T00:06:10.987Z"}
{"level":"info","message":"Server running on port 5000","timestamp":"2025-03-16T02:33:55.312Z"}
{"level":"info","message":"Server running on port 5000","timestamp":"2025-03-16T07:58:10.669Z"}
{"level":"info","message":"Server running on port 5000","timestamp":"2025-03-17T03:10:10.294Z"}
{"level":"info","message":"Server running on port 5000","timestamp":"2025-03-17T03:19:08.533Z"}
{"level":"info","message":"Server running on port 5000","timestamp":"2025-03-17T03:23:06.410Z"}
{"level":"info","message":"Server running on port 5000","timestamp":"2025-03-17T04:15:20.179Z"}
{"level":"info","message":"Server running on port 5000","timestamp":"2025-03-17T07:57:12.430Z"}
{"level":"info","message":"Server running on port 5000","timestamp":"2025-03-17T08:14:15.693Z"}
{"level":"info","message":"Server running on port 5000","timestamp":"2025-03-17T08:19:13.436Z"}
{"level":"info","message":"Server running on port 5000","timestamp":"2025-03-17T08:20:14.701Z"}
{"level":"info","message":"Server running on port 5000","timestamp":"2025-03-17T10:25:46.215Z"}
{"level":"info","message":"Server running on port 5000","timestamp":"2025-03-17T10:37:20.312Z"}
{"level":"info","message":"Server running on port 5000","timestamp":"2025-03-17T10:51:25.966Z"}
{"level":"info","message":"Server running on port 5000","timestamp":"2025-03-17T10:53:13.355Z"}
{"level":"info","message":"Server running on port 5000","timestamp":"2025-03-17T10:56:20.298Z"}
{"level":"info","message":"Server running on port 5000","timestamp":"2025-03-17T13:59:08.845Z"}
{"level":"info","message":"Server running on port 5000","timestamp":"2025-03-17T14:15:40.380Z"}
{"level":"info","message":"Server running on port 5000","timestamp":"2025-03-18T07:26:30.615Z"}
{"level":"info","message":"Server running on port 5000","timestamp":"2025-03-18T07:30:30.533Z"}
{"level":"info","message":"Server running on port 5000","timestamp":"2025-03-18T08:28:28.711Z"}
{"level":"info","message":"Server running on port 5000","timestamp":"2025-03-18T08:42:57.961Z"}
{"level":"info","message":"Server running on port 5000","timestamp":"2025-03-18T08:47:23.653Z"}
{"level":"info","message":"Server running on port 5000","timestamp":"2025-03-18T08:52:00.370Z"}
{"level":"error","message":"MulterError: Unexpected field\n    at wrappedFileFilter (/usr/src/app/node_modules/multer/index.js:40:19)\n    at Multipart.<anonymous> (/usr/src/app/node_modules/multer/lib/make-middleware.js:107:7)\n    at Multipart.emit (node:events:517:28)\n    at HeaderParser.cb (/usr/src/app/node_modules/busboy/lib/types/multipart.js:358:14)\n    at HeaderParser.push (/usr/src/app/node_modules/busboy/lib/types/multipart.js:162:20)\n    at SBMH.ssCb [as _cb] (/usr/src/app/node_modules/busboy/lib/types/multipart.js:394:37)\n    at feed (/usr/src/app/node_modules/streamsearch/lib/sbmh.js:248:10)\n    at SBMH.push (/usr/src/app/node_modules/streamsearch/lib/sbmh.js:104:16)\n    at Multipart._write (/usr/src/app/node_modules/busboy/lib/types/multipart.js:567:19)\n    at writeOrBuffer (node:internal/streams/writable:392:12)","timestamp":"2025-03-18T08:52:09.092Z"}
{"level":"info","message":"Server running on port 5000","timestamp":"2025-03-18T08:54:51.249Z"}
{"level":"error","message":"MulterError: Unexpected field\n    at wrappedFileFilter (/usr/src/app/node_modules/multer/index.js:40:19)\n    at Multipart.<anonymous> (/usr/src/app/node_modules/multer/lib/make-middleware.js:107:7)\n    at Multipart.emit (node:events:517:28)\n    at HeaderParser.cb (/usr/src/app/node_modules/busboy/lib/types/multipart.js:358:14)\n    at HeaderParser.push (/usr/src/app/node_modules/busboy/lib/types/multipart.js:162:20)\n    at SBMH.ssCb [as _cb] (/usr/src/app/node_modules/busboy/lib/types/multipart.js:394:37)\n    at feed (/usr/src/app/node_modules/streamsearch/lib/sbmh.js:248:10)\n    at SBMH.push (/usr/src/app/node_modules/streamsearch/lib/sbmh.js:104:16)\n    at Multipart._write (/usr/src/app/node_modules/busboy/lib/types/multipart.js:567:19)\n    at writeOrBuffer (node:internal/streams/writable:392:12)","timestamp":"2025-03-18T08:55:18.216Z"}
{"level":"info","message":"Server running on port 5000","timestamp":"2025-03-18T09:00:18.567Z"}
{"level":"error","message":"MulterError: Unexpected field\n    at wrappedFileFilter (/usr/src/app/node_modules/multer/index.js:40:19)\n    at Multipart.<anonymous> (/usr/src/app/node_modules/multer/lib/make-middleware.js:107:7)\n    at Multipart.emit (node:events:517:28)\n    at HeaderParser.cb (/usr/src/app/node_modules/busboy/lib/types/multipart.js:358:14)\n    at HeaderParser.push (/usr/src/app/node_modules/busboy/lib/types/multipart.js:162:20)\n    at SBMH.ssCb [as _cb] (/usr/src/app/node_modules/busboy/lib/types/multipart.js:394:37)\n    at feed (/usr/src/app/node_modules/streamsearch/lib/sbmh.js:248:10)\n    at SBMH.push (/usr/src/app/node_modules/streamsearch/lib/sbmh.js:104:16)\n    at Multipart._write (/usr/src/app/node_modules/busboy/lib/types/multipart.js:567:19)\n    at writeOrBuffer (node:internal/streams/writable:392:12)","timestamp":"2025-03-18T09:00:59.500Z"}
{"level":"info","message":"Server running on port 5000","timestamp":"2025-03-18T09:04:01.717Z"}
{"level":"error","message":"MulterError: Unexpected field\n    at wrappedFileFilter (/usr/src/app/node_modules/multer/index.js:40:19)\n    at Multipart.<anonymous> (/usr/src/app/node_modules/multer/lib/make-middleware.js:107:7)\n    at Multipart.emit (node:events:517:28)\n    at HeaderParser.cb (/usr/src/app/node_modules/busboy/lib/types/multipart.js:358:14)\n    at HeaderParser.push (/usr/src/app/node_modules/busboy/lib/types/multipart.js:162:20)\n    at SBMH.ssCb [as _cb] (/usr/src/app/node_modules/busboy/lib/types/multipart.js:394:37)\n    at feed (/usr/src/app/node_modules/streamsearch/lib/sbmh.js:248:10)\n    at SBMH.push (/usr/src/app/node_modules/streamsearch/lib/sbmh.js:104:16)\n    at Multipart._write (/usr/src/app/node_modules/busboy/lib/types/multipart.js:567:19)\n    at writeOrBuffer (node:internal/streams/writable:392:12)","timestamp":"2025-03-18T09:04:11.675Z"}
{"level":"info","message":"Server running on port 5000","timestamp":"2025-03-18T09:09:25.516Z"}
{"level":"info","message":"Server running on port 5000","timestamp":"2025-03-18T09:13:08.255Z"}
{"level":"error","message":"MulterError: Unexpected field\n    at wrappedFileFilter (/usr/src/app/node_modules/multer/index.js:40:19)\n    at Multipart.<anonymous> (/usr/src/app/node_modules/multer/lib/make-middleware.js:107:7)\n    at Multipart.emit (node:events:517:28)\n    at HeaderParser.cb (/usr/src/app/node_modules/busboy/lib/types/multipart.js:358:14)\n    at HeaderParser.push (/usr/src/app/node_modules/busboy/lib/types/multipart.js:162:20)\n    at SBMH.ssCb [as _cb] (/usr/src/app/node_modules/busboy/lib/types/multipart.js:394:37)\n    at feed (/usr/src/app/node_modules/streamsearch/lib/sbmh.js:248:10)\n    at SBMH.push (/usr/src/app/node_modules/streamsearch/lib/sbmh.js:104:16)\n    at Multipart._write (/usr/src/app/node_modules/busboy/lib/types/multipart.js:567:19)\n    at writeOrBuffer (node:internal/streams/writable:392:12)","timestamp":"2025-03-18T09:15:15.732Z"}
{"level":"info","message":"Server running on port 5000","timestamp":"2025-03-18T09:35:33.755Z"}
{"level":"info","message":"Server running on port 5000","timestamp":"2025-03-18T09:39:56.394Z"}
{"level":"info","message":"Server running on port 5000","timestamp":"2025-03-18T09:58:18.711Z"}
{"level":"info","message":"Server running on port 5000","timestamp":"2025-03-18T10:04:10.808Z"}
{"level":"info","message":"Server running on port 5000","timestamp":"2025-03-18T10:05:29.971Z"}
{"level":"info","message":"Server running on port 5000","timestamp":"2025-03-18T10:40:08.195Z"}
{"level":"info","message":"Server running on port 5000","timestamp":"2025-03-18T13:56:24.447Z"}
{"level":"info","message":"Server running on port 5000","timestamp":"2025-03-18T14:04:43.747Z"}
{"level":"info","message":"Server running on port 5000","timestamp":"2025-03-18T14:07:56.285Z"}
{"level":"info","message":"Server running on port 5000","timestamp":"2025-03-18T14:39:13.619Z"}
{"level":"info","message":"Server running on port 5000","timestamp":"2025-03-18T14:48:02.558Z"}
{"level":"info","message":"Server running on port 5000","timestamp":"2025-03-18T14:52:30.127Z"}
{"level":"info","message":"Server running on port 5000","timestamp":"2025-03-18T14:56:07.543Z"}
{"level":"info","message":"Server running on port 5000","timestamp":"2025-03-18T22:09:03.973Z"}
{"level":"info","message":"Server running on port 5000","timestamp":"2025-03-19T01:39:08.341Z"}
{"level":"info","message":"Server running on port 5000","timestamp":"2025-03-19T02:03:23.721Z"}
{"level":"info","message":"Server running on port 5000","timestamp":"2025-03-19T04:03:44.301Z"}
{"level":"info","message":"Server running on port 5000","timestamp":"2025-03-19T04:15:58.074Z"}
{"level":"info","message":"Server running on port 5000","timestamp":"2025-03-20T06:05:07.741Z"}
{"level":"info","message":"Server running on port 5000","timestamp":"2025-03-22T06:08:51.440Z"}
{"level":"info","message":"Server running on port 5000","timestamp":"2025-03-22T23:50:16.986Z"}
{"level":"info","message":"Server running on port 5000","timestamp":"2025-03-23T23:25:50.250Z"}
{"level":"info","message":"Server running on port 5000","timestamp":"2025-03-24T04:40:14.626Z"}
{"level":"info","message":"Server running on port 5000","timestamp":"2025-03-24T04:57:34.894Z"}
{"level":"info","message":"Server running on port 5000","timestamp":"2025-03-25T02:17:55.007Z"}
{"level":"info","message":"Server running on port 5000","timestamp":"2025-03-28T15:33:39.634Z"}
{"level":"info","message":"Server running on port 5000","timestamp":"2025-03-30T04:43:17.639Z"}
{"level":"info","message":"Server running on port 5000","timestamp":"2025-03-30T05:32:55.888Z"}
{"level":"info","message":"Server running on port 5000","timestamp":"2025-03-30T05:35:52.233Z"}
{"level":"info","message":"Server running on port 5000","timestamp":"2025-03-30T05:43:03.869Z"}
{"level":"info","message":"Server running on port 5000","timestamp":"2025-03-30T05:49:33.967Z"}
{"level":"info","message":"Server running on port 5000","timestamp":"2025-03-30T05:51:14.953Z"}
{"level":"info","message":"Server running on port 5000","timestamp":"2025-04-02T03:39:17.836Z"}
{"level":"info","message":"Server running on port 5000","timestamp":"2025-04-02T04:07:48.213Z"}
{"level":"info","message":"Server running on port 5000","timestamp":"2025-04-02T05:03:48.922Z"}
{"level":"info","message":"Server running on port 5000","timestamp":"2025-04-02T06:34:37.798Z"}
{"level":"info","message":"Server running on port 5000","timestamp":"2025-04-02T07:58:38.648Z"}
{"level":"info","message":"Server running on port 5000","timestamp":"2025-04-02T10:22:43.463Z"}
{"level":"info","message":"Server running on port 5000","timestamp":"2025-04-02T17:46:03.527Z"}
{"level":"info","message":"Server running on port 5000","timestamp":"2025-04-03T03:46:49.199Z"}
{"level":"info","message":"Server running on port 5000","timestamp":"2025-04-04T03:06:13.648Z"}
{"level":"info","message":"Server running on port 5000","timestamp":"2025-04-09T06:27:34.944Z"}
{"level":"info","message":"Server running on port 5000","timestamp":"2025-04-18T07:20:01.866Z"}
{"level":"info","message":"Server running on port 5000","timestamp":"2025-04-29T04:42:14.088Z"}
{"level":"info","message":"Server running on port 5000","timestamp":"2025-04-30T02:02:26.312Z"}
{"level":"info","message":"Server running on port 5000","timestamp":"2025-04-30T02:16:00.580Z"}
{"level":"info","message":"Server running on port 5000","timestamp":"2025-04-30T10:31:05.056Z"}
{"level":"info","message":"Server running on port 5000","timestamp":"2025-04-30T10:32:13.554Z"}
{"level":"info","message":"Server running on port 5000","timestamp":"2025-04-30T10:36:08.956Z"}
{"level":"info","message":"Server running on port 5000","timestamp":"2025-04-30T11:00:05.633Z"}
{"level":"info","message":"Server running on port 5000","timestamp":"2025-04-30T11:31:49.250Z"}
{"level":"info","message":"Server running on port 5000","timestamp":"2025-05-01T01:47:19.693Z"}
{"level":"info","message":"Server running on port 5000","timestamp":"2025-05-01T03:05:48.314Z"}
{"level":"info","message":"Server running on port 5000","timestamp":"2025-05-01T03:16:53.986Z"}
{"level":"info","message":"Server running on port 5000","timestamp":"2025-05-01T03:28:39.900Z"}
{"level":"info","message":"Server running on port 5000","timestamp":"2025-05-01T03:45:47.109Z"}
{"level":"info","message":"Server running on port 5000","timestamp":"2025-05-01T07:29:25.820Z"}
{"level":"info","message":"Server running on port 5000","timestamp":"2025-05-03T14:11:37.233Z"}
{"level":"info","message":"Server running on port 5000","timestamp":"2025-05-04T02:07:55.288Z"}
{"level":"info","message":"Server running on port 5000","timestamp":"2025-05-06T15:17:24.444Z"}
{"level":"info","message":"Server running on port 5000","timestamp":"2025-05-06T15:39:08.266Z"}
{"level":"info","message":"Server running on port 5000","timestamp":"2025-05-06T15:42:43.743Z"}
{"level":"info","message":"Server running on port 5000","timestamp":"2025-05-06T15:49:18.524Z"}
{"level":"info","message":"Server running on port 5000","timestamp":"2025-05-06T18:21:16.345Z"}
{"level":"info","message":"Server running on port 5000","timestamp":"2025-05-07T02:22:00.681Z"}
{"level":"info","message":"Server running on port 5000","timestamp":"2025-05-08T00:22:51.258Z"}
{"level":"info","message":"Server running on port 5000","timestamp":"2025-05-08T07:20:09.969Z"}
{"level":"info","message":"Server running on port 5000","timestamp":"2025-05-08T23:13:02.646Z"}
{"level":"info","message":"Server running on port 5000","timestamp":"2025-05-09T14:33:59.892Z"}
{"level":"info","message":"Server running on port 5000","timestamp":"2025-05-09T14:35:32.564Z"}
{"level":"info","message":"Server running on port 5000","timestamp":"2025-05-10T02:11:01.120Z"}
{"level":"info","message":"Server running on port 5000","timestamp":"2025-05-10T02:14:39.339Z"}
{"level":"info","message":"Server running on port 5000","timestamp":"2025-05-10T02:28:51.161Z"}
{"level":"info","message":"Server running on port 5000","timestamp":"2025-05-10T02:32:13.652Z"}
{"level":"info","message":"Server running on port 5000","timestamp":"2025-05-10T02:44:16.340Z"}
{"level":"info","message":"Server running on port 5000","timestamp":"2025-05-10T02:48:45.650Z"}
{"level":"info","message":"Server running on port 5000","timestamp":"2025-05-10T02:53:06.922Z"}
{"level":"info","message":"Server running on port 5000","timestamp":"2025-05-10T04:30:36.612Z"}
{"level":"info","message":"Server running on port 5000","timestamp":"2025-05-10T06:33:20.609Z"}
{"level":"info","message":"Server running on port 5000","timestamp":"2025-05-10T06:39:39.009Z"}
{"level":"info","message":"Server running on port 5000","timestamp":"2025-05-10T09:05:26.124Z"}
{"level":"info","message":"Server running on port 5000","timestamp":"2025-05-10T09:14:26.724Z"}
{"level":"info","message":"Server running on port 5000","timestamp":"2025-05-10T09:33:48.033Z"}
{"level":"info","message":"Server running on port 5000","timestamp":"2025-05-10T09:35:50.709Z"}
{"level":"info","message":"Server running on port 5000","timestamp":"2025-05-10T15:36:08.425Z"}
{"level":"info","message":"Server running on port 5000","timestamp":"2025-05-10T16:05:09.442Z"}
{"level":"info","message":"Server running on port 5000","timestamp":"2025-05-10T16:12:01.397Z"}
{"level":"info","message":"Server running on port 5000","timestamp":"2025-05-10T16:14:04.743Z"}
{"level":"info","message":"Server running on port 5000","timestamp":"2025-05-10T16:20:13.104Z"}
{"level":"info","message":"Server running on port 5000","timestamp":"2025-05-10T16:27:20.405Z"}
{"level":"info","message":"Server running on port 5000","timestamp":"2025-05-10T16:31:48.551Z"}
{"level":"info","message":"Server running on port 5000","timestamp":"2025-05-10T16:36:41.147Z"}
{"level":"info","message":"Server running on port 5000","timestamp":"2025-05-10T16:46:48.629Z"}
{"level":"info","message":"Server running on port 5000","timestamp":"2025-05-10T16:49:13.207Z"}
{"level":"info","message":"Server running on port 5000","timestamp":"2025-05-14T01:17:55.872Z"}
{"level":"info","message":"Server running on port 5000","timestamp":"2025-05-14T02:14:29.139Z"}
{"level":"info","message":"Server running on port 5000","timestamp":"2025-05-14T03:14:00.906Z"}
{"level":"info","message":"Server running on port 5000","timestamp":"2025-05-14T04:05:31.454Z"}
{"level":"info","message":"Server running on port 5000","timestamp":"2025-05-15T02:17:33.249Z"}
